<?xml version="1.0" encoding="UTF-8"?>
<testsuite hostname="wittyfeed-Vostro-3558" name="PoppleTestCases.StoryPageTestCasesTest" tests="10" failures="1" timestamp="6 Dec 2018 11:41:22 GMT" time="58.8" errors="0">
  <testcase name="OpenStoryPage" time="18.11" classname="PoppleTestCases.StoryPageTestCasesTest"/>
  <testcase name="CheckAdvertisementFrame" time="0.09" classname="PoppleTestCases.StoryPageTestCasesTest"/>
  <testcase name="CheckStoryFirstImage" time="0.038" classname="PoppleTestCases.StoryPageTestCasesTest"/>
  <testcase name="CheckStoryAuthor" time="1.276" classname="PoppleTestCases.StoryPageTestCasesTest"/>
  <testcase name="CheckStoryTitle" time="1.225" classname="PoppleTestCases.StoryPageTestCasesTest"/>
  <testcase name="CheckStoryDesc" time="1.327" classname="PoppleTestCases.StoryPageTestCasesTest"/>
  <testcase name="CheckStoryShares" time="1.068" classname="PoppleTestCases.StoryPageTestCasesTest"/>
  <testcase name="CheckStoryShareOptions" time="2.695" classname="PoppleTestCases.StoryPageTestCasesTest"/>
  <testcase name="CheckStoryContent" time="1.052" classname="PoppleTestCases.StoryPageTestCasesTest"/>
  <testcase name="CheckNextStoryFrame" time="10.094" classname="PoppleTestCases.StoryPageTestCasesTest">
    <failure type="org.openqa.selenium.NoSuchElementException" message="Unable to locate element: /html/body/div[5]/div/div/div/div[2]/div[2]/div[8]/div[41]/svg
For documentation on this error, please visit: http://seleniumhq.org/exceptions/no_such_element.html
Build info: version: &amp;apos;3.5.3&amp;apos;, revision: &amp;apos;a88d25fe6b&amp;apos;, time: &amp;apos;2017-08-29T12:42:44.417Z&amp;apos;
System info: host: &amp;apos;wittyfeed-Vostro-3558&amp;apos;, ip: &amp;apos;127.0.1.1&amp;apos;, os.name: &amp;apos;Linux&amp;apos;, os.arch: &amp;apos;amd64&amp;apos;, os.version: &amp;apos;4.4.0-131-generic&amp;apos;, java.version: &amp;apos;1.8.0_191&amp;apos;
Driver info: org.openqa.selenium.firefox.FirefoxDriver
Capabilities [{moz:profile=/tmp/rust_mozprofile.E1iVMvvMBfDs, rotatable=false, moz:geckodriverVersion=0.23.0, timeouts={implicit=0, pageLoad=300000, script=30000}, pageLoadStrategy=normal, unhandledPromptBehavior=dismiss and notify, moz:headless=false, platform=LINUX, moz:accessibilityChecks=false, moz:useNonSpecCompliantPointerOrigin=false, acceptInsecureCerts=false, browserVersion=63.0.3, platformVersion=4.4.0-131-generic, moz:processID=20675, browserName=firefox, javascriptEnabled=true, platformName=LINUX, setWindowRect=true, moz:webdriverClick=true}]
Session ID: bdbeb729-ad40-4616-ae48-47021433e5c0
*** Element info: {Using=xpath, value=/html/body/div[5]/div/div/div/div[2]/div[2]/div[8]/div[41]/svg}">
      <![CDATA[org.openqa.selenium.NoSuchElementException: Unable to locate element: /html/body/div[5]/div/div/div/div[2]/div[2]/div[8]/div[41]/svg
For documentation on this error, please visit: http://seleniumhq.org/exceptions/no_such_element.html
Build info: version: '3.5.3', revision: 'a88d25fe6b', time: '2017-08-29T12:42:44.417Z'
System info: host: 'wittyfeed-Vostro-3558', ip: '127.0.1.1', os.name: 'Linux', os.arch: 'amd64', os.version: '4.4.0-131-generic', java.version: '1.8.0_191'
Driver info: org.openqa.selenium.firefox.FirefoxDriver
Capabilities [{moz:profile=/tmp/rust_mozprofile.E1iVMvvMBfDs, rotatable=false, moz:geckodriverVersion=0.23.0, timeouts={implicit=0, pageLoad=300000, script=30000}, pageLoadStrategy=normal, unhandledPromptBehavior=dismiss and notify, moz:headless=false, platform=LINUX, moz:accessibilityChecks=false, moz:useNonSpecCompliantPointerOrigin=false, acceptInsecureCerts=false, browserVersion=63.0.3, platformVersion=4.4.0-131-generic, moz:processID=20675, browserName=firefox, javascriptEnabled=true, platformName=LINUX, setWindowRect=true, moz:webdriverClick=true}]
Session ID: bdbeb729-ad40-4616-ae48-47021433e5c0
*** Element info: {Using=xpath, value=/html/body/div[5]/div/div/div/div[2]/div[2]/div[8]/div[41]/svg}
	at sun.reflect.NativeConstructorAccessorImpl.newInstance0(Native Method)
	at sun.reflect.NativeConstructorAccessorImpl.newInstance(NativeConstructorAccessorImpl.java:62)
	at sun.reflect.DelegatingConstructorAccessorImpl.newInstance(DelegatingConstructorAccessorImpl.java:45)
	at java.lang.reflect.Constructor.newInstance(Constructor.java:423)
	at org.openqa.selenium.remote.http.W3CHttpResponseCodec.createException(W3CHttpResponseCodec.java:185)
	at org.openqa.selenium.remote.http.W3CHttpResponseCodec.decode(W3CHttpResponseCodec.java:120)
	at org.openqa.selenium.remote.http.W3CHttpResponseCodec.decode(W3CHttpResponseCodec.java:49)
	at org.openqa.selenium.remote.HttpCommandExecutor.execute(HttpCommandExecutor.java:164)
	at org.openqa.selenium.remote.service.DriverCommandExecutor.execute(DriverCommandExecutor.java:82)
	at org.openqa.selenium.remote.RemoteWebDriver.execute(RemoteWebDriver.java:646)
	at org.openqa.selenium.remote.RemoteWebDriver.findElement(RemoteWebDriver.java:416)
	at org.openqa.selenium.remote.RemoteWebDriver.findElementByXPath(RemoteWebDriver.java:518)
	at org.openqa.selenium.By$ByXPath.findElement(By.java:361)
	at org.openqa.selenium.remote.RemoteWebDriver.findElement(RemoteWebDriver.java:408)
	at PopplePages.StoryPages.NextStoryFrame(StoryPages.java:134)
	at PoppleTestCases.StoryPageTestCasesTest.CheckNextStoryFrame(StoryPageTestCasesTest.java:100)
	at sun.reflect.NativeMethodAccessorImpl.invoke0(Native Method)
	at sun.reflect.NativeMethodAccessorImpl.invoke(NativeMethodAccessorImpl.java:62)
	at sun.reflect.DelegatingMethodAccessorImpl.invoke(DelegatingMethodAccessorImpl.java:43)
	at java.lang.reflect.Method.invoke(Method.java:498)
	at org.testng.internal.MethodInvocationHelper.invokeMethod(MethodInvocationHelper.java:80)
	at org.testng.internal.Invoker.invokeMethod(Invoker.java:673)
	at org.testng.internal.Invoker.invokeTestMethod(Invoker.java:842)
	at org.testng.internal.Invoker.invokeTestMethods(Invoker.java:1166)
	at org.testng.internal.TestMethodWorker.invokeTestMethods(TestMethodWorker.java:125)
	at org.testng.internal.TestMethodWorker.run(TestMethodWorker.java:109)
	at org.testng.TestRunner.runWorkers(TestRunner.java:1178)
	at org.testng.TestRunner.privateRun(TestRunner.java:757)
	at org.testng.TestRunner.run(TestRunner.java:608)
	at org.testng.SuiteRunner.runTest(SuiteRunner.java:334)
	at org.testng.SuiteRunner.runSequentially(SuiteRunner.java:329)
	at org.testng.SuiteRunner.privateRun(SuiteRunner.java:291)
	at org.testng.SuiteRunner.run(SuiteRunner.java:240)
	at org.testng.SuiteRunnerWorker.runSuite(SuiteRunnerWorker.java:52)
	at org.testng.SuiteRunnerWorker.run(SuiteRunnerWorker.java:86)
	at org.testng.TestNG.runSuitesSequentially(TestNG.java:1158)
	at org.testng.TestNG.runSuitesLocally(TestNG.java:1083)
	at org.testng.TestNG.run(TestNG.java:999)
	at org.testng.remote.AbstractRemoteTestNG.run(AbstractRemoteTestNG.java:114)
	at org.testng.remote.RemoteTestNG.initAndRun(RemoteTestNG.java:251)
	at org.testng.remote.RemoteTestNG.main(RemoteTestNG.java:77)
]]>
    </failure>
  </testcase>
</testsuite>
